2022-10-20 11:31:14 INFO o.h.Version :44 HHH000412: Hibernate ORM core version 5.6.12.Final
2022-10-20 11:31:15 INFO o.h.a.c.Version :56 HCANN000001: Hibernate Commons Annotations {5.1.2.Final}
2022-10-20 11:31:16 WARN o.h.o.c.pooling :75 HHH10001002: Using Hibernate built-in connection pool (not for production use!)
2022-10-20 11:31:16 INFO o.h.o.c.pooling :119 HHH10001005: using driver [com.mysql.cj.jdbc.Driver] at URL [jdbc:mysql://localhost:3306/ employee_management]
2022-10-20 11:31:16 INFO o.h.o.c.pooling :128 HHH10001001: Connection properties: {user=root, password=****}
2022-10-20 11:31:16 INFO o.h.o.c.pooling :132 HHH10001003: Autocommit mode: false
2022-10-20 11:31:16 INFO o.h.e.j.c.i.DriverManagerConnectionProviderImpl :322 HHH000115: Hibernate connection pool size: 20 (min=1)
2022-10-20 11:31:17 INFO o.h.d.Dialect :175 HHH000400: Using dialect: org.hibernate.dialect.MySQL5Dialect
2022-10-20 11:31:18 INFO o.h.o.c.access :48 HHH10001501: Connection obtained from JdbcConnectionAccess [org.hibernate.engine.jdbc.env.internal.JdbcEnvironmentInitiator$ConnectionProviderJdbcConnectionAccess@7a0ef219] for (non-JTA) DDL execution was not in auto-commit mode; the Connection 'local transaction' will be committed and the Connection will be set into auto-commit mode.
2022-10-20 11:31:19 INFO c.i.e.v.EmployeeView :320 Employee ID Doesn't Exists :10
2022-10-20 12:16:11 INFO o.h.Version :44 HHH000412: Hibernate ORM core version 5.6.12.Final
2022-10-20 12:16:12 INFO o.h.a.c.Version :56 HCANN000001: Hibernate Commons Annotations {5.1.2.Final}
2022-10-20 12:16:13 WARN o.h.o.c.pooling :75 HHH10001002: Using Hibernate built-in connection pool (not for production use!)
2022-10-20 12:16:13 INFO o.h.o.c.pooling :119 HHH10001005: using driver [com.mysql.cj.jdbc.Driver] at URL [jdbc:mysql://localhost:3306/ employee_management]
2022-10-20 12:16:13 INFO o.h.o.c.pooling :128 HHH10001001: Connection properties: {user=root, password=****}
2022-10-20 12:16:13 INFO o.h.o.c.pooling :132 HHH10001003: Autocommit mode: false
2022-10-20 12:16:13 INFO o.h.e.j.c.i.DriverManagerConnectionProviderImpl :322 HHH000115: Hibernate connection pool size: 20 (min=1)
2022-10-20 12:16:15 INFO o.h.d.Dialect :175 HHH000400: Using dialect: org.hibernate.dialect.MySQL5Dialect
2022-10-20 12:16:16 INFO o.h.o.c.access :48 HHH10001501: Connection obtained from JdbcConnectionAccess [org.hibernate.engine.jdbc.env.internal.JdbcEnvironmentInitiator$ConnectionProviderJdbcConnectionAccess@65bdd558] for (non-JTA) DDL execution was not in auto-commit mode; the Connection 'local transaction' will be committed and the Connection will be set into auto-commit mode.
2022-10-20 12:16:16 INFO c.i.e.v.EmployeeView :212 Employee ID Doesn't Exists :1
2022-10-20 15:05:05 INFO o.h.Version :44 HHH000412: Hibernate ORM core version 5.6.12.Final
2022-10-20 15:05:05 INFO o.h.a.c.Version :56 HCANN000001: Hibernate Commons Annotations {5.1.2.Final}
2022-10-20 15:05:06 WARN o.h.o.c.pooling :75 HHH10001002: Using Hibernate built-in connection pool (not for production use!)
2022-10-20 15:05:06 INFO o.h.o.c.pooling :119 HHH10001005: using driver [com.mysql.cj.jdbc.Driver] at URL [jdbc:mysql://localhost:3306/ employee_management]
2022-10-20 15:05:06 INFO o.h.o.c.pooling :128 HHH10001001: Connection properties: {user=root, password=****}
2022-10-20 15:05:06 INFO o.h.o.c.pooling :132 HHH10001003: Autocommit mode: false
2022-10-20 15:05:06 INFO o.h.e.j.c.i.DriverManagerConnectionProviderImpl :322 HHH000115: Hibernate connection pool size: 20 (min=1)
2022-10-20 15:05:06 INFO o.h.d.Dialect :175 HHH000400: Using dialect: org.hibernate.dialect.MySQL5Dialect
2022-10-20 15:05:07 INFO o.h.o.c.access :48 HHH10001501: Connection obtained from JdbcConnectionAccess [org.hibernate.engine.jdbc.env.internal.JdbcEnvironmentInitiator$ConnectionProviderJdbcConnectionAccess@261ea657] for (non-JTA) DDL execution was not in auto-commit mode; the Connection 'local transaction' will be committed and the Connection will be set into auto-commit mode.
2022-10-20 15:06:06 INFO c.i.e.v.EmployeeView :102 Employee Details CreatedID=1
2022-10-20 15:07:16 INFO c.i.e.v.EmployeeView :206 Employee Details Updated1
2022-10-20 15:08:41 INFO o.h.Version :44 HHH000412: Hibernate ORM core version 5.6.12.Final
2022-10-20 15:08:41 INFO o.h.a.c.Version :56 HCANN000001: Hibernate Commons Annotations {5.1.2.Final}
2022-10-20 15:08:42 WARN o.h.o.c.pooling :75 HHH10001002: Using Hibernate built-in connection pool (not for production use!)
2022-10-20 15:08:42 INFO o.h.o.c.pooling :119 HHH10001005: using driver [com.mysql.cj.jdbc.Driver] at URL [jdbc:mysql://localhost:3306/ employee_management]
2022-10-20 15:08:42 INFO o.h.o.c.pooling :128 HHH10001001: Connection properties: {user=root, password=****}
2022-10-20 15:08:42 INFO o.h.o.c.pooling :132 HHH10001003: Autocommit mode: false
2022-10-20 15:08:42 INFO o.h.e.j.c.i.DriverManagerConnectionProviderImpl :322 HHH000115: Hibernate connection pool size: 20 (min=1)
2022-10-20 15:08:42 INFO o.h.d.Dialect :175 HHH000400: Using dialect: org.hibernate.dialect.MySQL5Dialect
2022-10-20 15:08:43 INFO o.h.o.c.access :48 HHH10001501: Connection obtained from JdbcConnectionAccess [org.hibernate.engine.jdbc.env.internal.JdbcEnvironmentInitiator$ConnectionProviderJdbcConnectionAccess@65bdd558] for (non-JTA) DDL execution was not in auto-commit mode; the Connection 'local transaction' will be committed and the Connection will be set into auto-commit mode.
2022-10-20 15:13:47 INFO o.h.Version :44 HHH000412: Hibernate ORM core version 5.6.12.Final
2022-10-20 15:13:48 INFO o.h.a.c.Version :56 HCANN000001: Hibernate Commons Annotations {5.1.2.Final}
2022-10-20 15:13:48 WARN o.h.o.c.pooling :75 HHH10001002: Using Hibernate built-in connection pool (not for production use!)
2022-10-20 15:13:48 INFO o.h.o.c.pooling :119 HHH10001005: using driver [com.mysql.cj.jdbc.Driver] at URL [jdbc:mysql://localhost:3306/ employee_management]
2022-10-20 15:13:48 INFO o.h.o.c.pooling :128 HHH10001001: Connection properties: {user=root, password=****}
2022-10-20 15:13:48 INFO o.h.o.c.pooling :132 HHH10001003: Autocommit mode: false
2022-10-20 15:13:48 INFO o.h.e.j.c.i.DriverManagerConnectionProviderImpl :322 HHH000115: Hibernate connection pool size: 20 (min=1)
2022-10-20 15:13:49 INFO o.h.d.Dialect :175 HHH000400: Using dialect: org.hibernate.dialect.MySQL5Dialect
2022-10-20 15:13:49 INFO o.h.o.c.access :48 HHH10001501: Connection obtained from JdbcConnectionAccess [org.hibernate.engine.jdbc.env.internal.JdbcEnvironmentInitiator$ConnectionProviderJdbcConnectionAccess@65bdd558] for (non-JTA) DDL execution was not in auto-commit mode; the Connection 'local transaction' will be committed and the Connection will be set into auto-commit mode.
2022-10-20 15:14:19 ERROR c.i.e.d.i.EmployeeDao :95 A different object with the same identifier value was already associated with the session : [com.ideas2it.employee.model.Address#1]
2022-10-20 15:14:19 ERROR c.i.e.v.EmployeeView :216 Error code 103 : Oops! error occured in updating data, please try again
2022-10-20 15:15:22 INFO o.h.Version :44 HHH000412: Hibernate ORM core version 5.6.12.Final
2022-10-20 15:15:22 INFO o.h.a.c.Version :56 HCANN000001: Hibernate Commons Annotations {5.1.2.Final}
2022-10-20 15:15:23 WARN o.h.o.c.pooling :75 HHH10001002: Using Hibernate built-in connection pool (not for production use!)
2022-10-20 15:15:23 INFO o.h.o.c.pooling :119 HHH10001005: using driver [com.mysql.cj.jdbc.Driver] at URL [jdbc:mysql://localhost:3306/ employee_management]
2022-10-20 15:15:23 INFO o.h.o.c.pooling :128 HHH10001001: Connection properties: {user=root, password=****}
2022-10-20 15:15:23 INFO o.h.o.c.pooling :132 HHH10001003: Autocommit mode: false
2022-10-20 15:15:23 INFO o.h.e.j.c.i.DriverManagerConnectionProviderImpl :322 HHH000115: Hibernate connection pool size: 20 (min=1)
2022-10-20 15:15:23 INFO o.h.d.Dialect :175 HHH000400: Using dialect: org.hibernate.dialect.MySQL5Dialect
2022-10-20 15:15:24 INFO o.h.o.c.access :48 HHH10001501: Connection obtained from JdbcConnectionAccess [org.hibernate.engine.jdbc.env.internal.JdbcEnvironmentInitiator$ConnectionProviderJdbcConnectionAccess@65bdd558] for (non-JTA) DDL execution was not in auto-commit mode; the Connection 'local transaction' will be committed and the Connection will be set into auto-commit mode.
2022-10-20 15:15:41 INFO c.i.e.v.EmployeeView :206 Employee Details Updated1
2022-10-20 15:16:27 ERROR c.i.e.d.i.EmployeeDao :95 A different object with the same identifier value was already associated with the session : [com.ideas2it.employee.model.Address#1]
2022-10-20 15:16:27 ERROR c.i.e.v.EmployeeView :216 Error code 103 : Oops! error occured in updating data, please try again
2022-10-20 15:18:43 INFO o.h.Version :44 HHH000412: Hibernate ORM core version 5.6.12.Final
2022-10-20 15:18:44 INFO o.h.a.c.Version :56 HCANN000001: Hibernate Commons Annotations {5.1.2.Final}
2022-10-20 15:18:44 WARN o.h.o.c.pooling :75 HHH10001002: Using Hibernate built-in connection pool (not for production use!)
2022-10-20 15:18:44 INFO o.h.o.c.pooling :119 HHH10001005: using driver [com.mysql.cj.jdbc.Driver] at URL [jdbc:mysql://localhost:3306/ employee_management]
2022-10-20 15:18:44 INFO o.h.o.c.pooling :128 HHH10001001: Connection properties: {user=root, password=****}
2022-10-20 15:18:44 INFO o.h.o.c.pooling :132 HHH10001003: Autocommit mode: false
2022-10-20 15:18:44 INFO o.h.e.j.c.i.DriverManagerConnectionProviderImpl :322 HHH000115: Hibernate connection pool size: 20 (min=1)
2022-10-20 15:18:45 INFO o.h.d.Dialect :175 HHH000400: Using dialect: org.hibernate.dialect.MySQL5Dialect
2022-10-20 15:18:45 INFO o.h.o.c.access :48 HHH10001501: Connection obtained from JdbcConnectionAccess [org.hibernate.engine.jdbc.env.internal.JdbcEnvironmentInitiator$ConnectionProviderJdbcConnectionAccess@65bdd558] for (non-JTA) DDL execution was not in auto-commit mode; the Connection 'local transaction' will be committed and the Connection will be set into auto-commit mode.
2022-10-20 15:19:04 INFO c.i.e.v.EmployeeView :206 Employee Details Updated1
2022-10-20 15:21:22 INFO o.h.Version :44 HHH000412: Hibernate ORM core version 5.6.12.Final
2022-10-20 15:21:22 INFO o.h.a.c.Version :56 HCANN000001: Hibernate Commons Annotations {5.1.2.Final}
2022-10-20 15:21:23 WARN o.h.o.c.pooling :75 HHH10001002: Using Hibernate built-in connection pool (not for production use!)
2022-10-20 15:21:23 INFO o.h.o.c.pooling :119 HHH10001005: using driver [com.mysql.cj.jdbc.Driver] at URL [jdbc:mysql://localhost:3306/ employee_management]
2022-10-20 15:21:23 INFO o.h.o.c.pooling :128 HHH10001001: Connection properties: {user=root, password=****}
2022-10-20 15:21:23 INFO o.h.o.c.pooling :132 HHH10001003: Autocommit mode: false
2022-10-20 15:21:23 INFO o.h.e.j.c.i.DriverManagerConnectionProviderImpl :322 HHH000115: Hibernate connection pool size: 20 (min=1)
2022-10-20 15:21:23 INFO o.h.d.Dialect :175 HHH000400: Using dialect: org.hibernate.dialect.MySQL5Dialect
2022-10-20 15:21:24 INFO o.h.o.c.access :48 HHH10001501: Connection obtained from JdbcConnectionAccess [org.hibernate.engine.jdbc.env.internal.JdbcEnvironmentInitiator$ConnectionProviderJdbcConnectionAccess@65bdd558] for (non-JTA) DDL execution was not in auto-commit mode; the Connection 'local transaction' will be committed and the Connection will be set into auto-commit mode.
2022-10-20 15:21:49 INFO c.i.e.v.EmployeeView :206 Employee Details Updated1
2022-10-20 15:22:15 ERROR c.i.e.d.i.EmployeeDao :96 A different object with the same identifier value was already associated with the session : [com.ideas2it.employee.model.Address#1]
2022-10-20 15:22:15 ERROR c.i.e.v.EmployeeView :216 Error code 103 : Oops! error occured in updating data, please try again
2022-10-20 15:32:11 INFO o.h.Version :44 HHH000412: Hibernate ORM core version 5.6.12.Final
2022-10-20 15:32:12 INFO o.h.a.c.Version :56 HCANN000001: Hibernate Commons Annotations {5.1.2.Final}
2022-10-20 15:32:12 WARN o.h.o.c.pooling :75 HHH10001002: Using Hibernate built-in connection pool (not for production use!)
2022-10-20 15:32:12 INFO o.h.o.c.pooling :119 HHH10001005: using driver [com.mysql.cj.jdbc.Driver] at URL [jdbc:mysql://localhost:3306/ employee_management]
2022-10-20 15:32:12 INFO o.h.o.c.pooling :128 HHH10001001: Connection properties: {user=root, password=****}
2022-10-20 15:32:12 INFO o.h.o.c.pooling :132 HHH10001003: Autocommit mode: false
2022-10-20 15:32:12 INFO o.h.e.j.c.i.DriverManagerConnectionProviderImpl :322 HHH000115: Hibernate connection pool size: 20 (min=1)
2022-10-20 15:32:13 INFO o.h.d.Dialect :175 HHH000400: Using dialect: org.hibernate.dialect.MySQL5Dialect
2022-10-20 15:32:13 INFO o.h.o.c.access :48 HHH10001501: Connection obtained from JdbcConnectionAccess [org.hibernate.engine.jdbc.env.internal.JdbcEnvironmentInitiator$ConnectionProviderJdbcConnectionAccess@65bdd558] for (non-JTA) DDL execution was not in auto-commit mode; the Connection 'local transaction' will be committed and the Connection will be set into auto-commit mode.
2022-10-20 15:36:45 INFO o.h.Version :44 HHH000412: Hibernate ORM core version 5.6.12.Final
2022-10-20 15:36:45 INFO o.h.a.c.Version :56 HCANN000001: Hibernate Commons Annotations {5.1.2.Final}
2022-10-20 15:36:46 WARN o.h.o.c.pooling :75 HHH10001002: Using Hibernate built-in connection pool (not for production use!)
2022-10-20 15:36:46 INFO o.h.o.c.pooling :119 HHH10001005: using driver [com.mysql.cj.jdbc.Driver] at URL [jdbc:mysql://localhost:3306/ employee_management]
2022-10-20 15:36:46 INFO o.h.o.c.pooling :128 HHH10001001: Connection properties: {user=root, password=****}
2022-10-20 15:36:46 INFO o.h.o.c.pooling :132 HHH10001003: Autocommit mode: false
2022-10-20 15:36:46 INFO o.h.e.j.c.i.DriverManagerConnectionProviderImpl :322 HHH000115: Hibernate connection pool size: 20 (min=1)
2022-10-20 15:36:46 INFO o.h.d.Dialect :175 HHH000400: Using dialect: org.hibernate.dialect.MySQL5Dialect
2022-10-20 15:36:47 INFO o.h.o.c.access :48 HHH10001501: Connection obtained from JdbcConnectionAccess [org.hibernate.engine.jdbc.env.internal.JdbcEnvironmentInitiator$ConnectionProviderJdbcConnectionAccess@65bdd558] for (non-JTA) DDL execution was not in auto-commit mode; the Connection 'local transaction' will be committed and the Connection will be set into auto-commit mode.
2022-10-20 17:19:04 INFO o.h.Version :44 HHH000412: Hibernate ORM core version 5.6.12.Final
2022-10-20 17:19:04 INFO o.h.a.c.Version :56 HCANN000001: Hibernate Commons Annotations {5.1.2.Final}
2022-10-20 17:19:05 WARN o.h.o.c.pooling :75 HHH10001002: Using Hibernate built-in connection pool (not for production use!)
2022-10-20 17:19:05 INFO o.h.o.c.pooling :119 HHH10001005: using driver [com.mysql.cj.jdbc.Driver] at URL [jdbc:mysql://localhost:3306/ employee_management]
2022-10-20 17:19:05 INFO o.h.o.c.pooling :128 HHH10001001: Connection properties: {user=root, password=****}
2022-10-20 17:19:05 INFO o.h.o.c.pooling :132 HHH10001003: Autocommit mode: false
2022-10-20 17:19:05 INFO o.h.e.j.c.i.DriverManagerConnectionProviderImpl :322 HHH000115: Hibernate connection pool size: 20 (min=1)
2022-10-20 17:19:07 INFO o.h.d.Dialect :175 HHH000400: Using dialect: org.hibernate.dialect.MySQL5Dialect
2022-10-20 17:19:08 INFO o.h.o.c.access :48 HHH10001501: Connection obtained from JdbcConnectionAccess [org.hibernate.engine.jdbc.env.internal.JdbcEnvironmentInitiator$ConnectionProviderJdbcConnectionAccess@65bdd558] for (non-JTA) DDL execution was not in auto-commit mode; the Connection 'local transaction' will be committed and the Connection will be set into auto-commit mode.
2022-10-20 17:22:31 INFO o.h.Version :44 HHH000412: Hibernate ORM core version 5.6.12.Final
2022-10-20 17:22:31 INFO o.h.a.c.Version :56 HCANN000001: Hibernate Commons Annotations {5.1.2.Final}
2022-10-20 17:22:32 WARN o.h.o.c.pooling :75 HHH10001002: Using Hibernate built-in connection pool (not for production use!)
2022-10-20 17:22:32 INFO o.h.o.c.pooling :119 HHH10001005: using driver [com.mysql.cj.jdbc.Driver] at URL [jdbc:mysql://localhost:3306/ employee_management]
2022-10-20 17:22:32 INFO o.h.o.c.pooling :128 HHH10001001: Connection properties: {user=root, password=****}
2022-10-20 17:22:32 INFO o.h.o.c.pooling :132 HHH10001003: Autocommit mode: false
2022-10-20 17:22:32 INFO o.h.e.j.c.i.DriverManagerConnectionProviderImpl :322 HHH000115: Hibernate connection pool size: 20 (min=1)
2022-10-20 17:22:33 INFO o.h.d.Dialect :175 HHH000400: Using dialect: org.hibernate.dialect.MySQL5Dialect
2022-10-20 17:22:34 INFO o.h.o.c.access :48 HHH10001501: Connection obtained from JdbcConnectionAccess [org.hibernate.engine.jdbc.env.internal.JdbcEnvironmentInitiator$ConnectionProviderJdbcConnectionAccess@65bdd558] for (non-JTA) DDL execution was not in auto-commit mode; the Connection 'local transaction' will be committed and the Connection will be set into auto-commit mode.
2022-10-20 17:26:20 INFO o.h.Version :44 HHH000412: Hibernate ORM core version 5.6.12.Final
2022-10-20 17:26:20 INFO o.h.a.c.Version :56 HCANN000001: Hibernate Commons Annotations {5.1.2.Final}
2022-10-20 17:26:21 WARN o.h.o.c.pooling :75 HHH10001002: Using Hibernate built-in connection pool (not for production use!)
2022-10-20 17:26:21 INFO o.h.o.c.pooling :119 HHH10001005: using driver [com.mysql.cj.jdbc.Driver] at URL [jdbc:mysql://localhost:3306/ employee_management]
2022-10-20 17:26:21 INFO o.h.o.c.pooling :128 HHH10001001: Connection properties: {user=root, password=****}
2022-10-20 17:26:21 INFO o.h.o.c.pooling :132 HHH10001003: Autocommit mode: false
2022-10-20 17:26:21 INFO o.h.e.j.c.i.DriverManagerConnectionProviderImpl :322 HHH000115: Hibernate connection pool size: 20 (min=1)
2022-10-20 17:26:23 INFO o.h.d.Dialect :175 HHH000400: Using dialect: org.hibernate.dialect.MySQL5Dialect
2022-10-20 17:26:23 INFO o.h.o.c.access :48 HHH10001501: Connection obtained from JdbcConnectionAccess [org.hibernate.engine.jdbc.env.internal.JdbcEnvironmentInitiator$ConnectionProviderJdbcConnectionAccess@65bdd558] for (non-JTA) DDL execution was not in auto-commit mode; the Connection 'local transaction' will be committed and the Connection will be set into auto-commit mode.
2022-10-20 17:26:45 INFO o.h.Version :44 HHH000412: Hibernate ORM core version 5.6.12.Final
2022-10-20 17:26:45 INFO o.h.a.c.Version :56 HCANN000001: Hibernate Commons Annotations {5.1.2.Final}
2022-10-20 17:26:47 WARN o.h.o.c.pooling :75 HHH10001002: Using Hibernate built-in connection pool (not for production use!)
2022-10-20 17:26:47 INFO o.h.o.c.pooling :119 HHH10001005: using driver [com.mysql.cj.jdbc.Driver] at URL [jdbc:mysql://localhost:3306/ employee_management]
2022-10-20 17:26:47 INFO o.h.o.c.pooling :128 HHH10001001: Connection properties: {user=root, password=****}
2022-10-20 17:26:47 INFO o.h.o.c.pooling :132 HHH10001003: Autocommit mode: false
2022-10-20 17:26:47 INFO o.h.e.j.c.i.DriverManagerConnectionProviderImpl :322 HHH000115: Hibernate connection pool size: 20 (min=1)
2022-10-20 17:26:48 INFO o.h.d.Dialect :175 HHH000400: Using dialect: org.hibernate.dialect.MySQL5Dialect
2022-10-20 17:26:48 INFO o.h.o.c.access :48 HHH10001501: Connection obtained from JdbcConnectionAccess [org.hibernate.engine.jdbc.env.internal.JdbcEnvironmentInitiator$ConnectionProviderJdbcConnectionAccess@65bdd558] for (non-JTA) DDL execution was not in auto-commit mode; the Connection 'local transaction' will be committed and the Connection will be set into auto-commit mode.
2022-10-20 17:28:01 INFO o.h.Version :44 HHH000412: Hibernate ORM core version 5.6.12.Final
2022-10-20 17:28:02 INFO o.h.a.c.Version :56 HCANN000001: Hibernate Commons Annotations {5.1.2.Final}
2022-10-20 17:28:03 WARN o.h.o.c.pooling :75 HHH10001002: Using Hibernate built-in connection pool (not for production use!)
2022-10-20 17:28:03 INFO o.h.o.c.pooling :119 HHH10001005: using driver [com.mysql.cj.jdbc.Driver] at URL [jdbc:mysql://localhost:3306/ employee_management]
2022-10-20 17:28:03 INFO o.h.o.c.pooling :128 HHH10001001: Connection properties: {user=root, password=****}
2022-10-20 17:28:03 INFO o.h.o.c.pooling :132 HHH10001003: Autocommit mode: false
2022-10-20 17:28:03 INFO o.h.e.j.c.i.DriverManagerConnectionProviderImpl :322 HHH000115: Hibernate connection pool size: 20 (min=1)
2022-10-20 17:28:04 INFO o.h.d.Dialect :175 HHH000400: Using dialect: org.hibernate.dialect.MySQL5Dialect
2022-10-20 17:28:05 INFO o.h.o.c.access :48 HHH10001501: Connection obtained from JdbcConnectionAccess [org.hibernate.engine.jdbc.env.internal.JdbcEnvironmentInitiator$ConnectionProviderJdbcConnectionAccess@65bdd558] for (non-JTA) DDL execution was not in auto-commit mode; the Connection 'local transaction' will be committed and the Connection will be set into auto-commit mode.
2022-10-20 17:28:06 INFO c.i.e.v.EmployeeView :212 Employee ID Doesn't Exists :5
2022-10-20 17:28:47 INFO c.i.e.v.EmployeeView :206 Employee Details Updated1
2022-10-20 18:29:49 INFO o.h.Version :44 HHH000412: Hibernate ORM core version 5.6.12.Final
2022-10-20 18:29:49 INFO o.h.a.c.Version :56 HCANN000001: Hibernate Commons Annotations {5.1.2.Final}
2022-10-20 18:29:51 WARN o.h.o.c.pooling :75 HHH10001002: Using Hibernate built-in connection pool (not for production use!)
2022-10-20 18:29:51 INFO o.h.o.c.pooling :119 HHH10001005: using driver [com.mysql.cj.jdbc.Driver] at URL [jdbc:mysql://localhost:3306/ employee_management]
2022-10-20 18:29:51 INFO o.h.o.c.pooling :128 HHH10001001: Connection properties: {user=root, password=****}
2022-10-20 18:29:51 INFO o.h.o.c.pooling :132 HHH10001003: Autocommit mode: false
2022-10-20 18:29:51 INFO o.h.e.j.c.i.DriverManagerConnectionProviderImpl :322 HHH000115: Hibernate connection pool size: 20 (min=1)
2022-10-20 18:29:52 INFO o.h.d.Dialect :175 HHH000400: Using dialect: org.hibernate.dialect.MySQL5Dialect
2022-10-20 18:29:53 INFO o.h.o.c.access :48 HHH10001501: Connection obtained from JdbcConnectionAccess [org.hibernate.engine.jdbc.env.internal.JdbcEnvironmentInitiator$ConnectionProviderJdbcConnectionAccess@65bdd558] for (non-JTA) DDL execution was not in auto-commit mode; the Connection 'local transaction' will be committed and the Connection will be set into auto-commit mode.
2022-10-20 18:30:48 INFO c.i.e.v.EmployeeView :206 Employee Details Updated1
2022-10-20 18:31:06 WARN o.h.o.deprecation :1837 HHH90000022: Hibernate's legacy org.hibernate.Criteria API is deprecated; use the JPA javax.persistence.criteria.CriteriaQuery instead
2022-10-20 18:31:39 INFO c.i.e.v.EmployeeView :206 Employee Details Updated1
2022-10-20 18:37:45 INFO o.h.Version :44 HHH000412: Hibernate ORM core version 5.6.12.Final
2022-10-20 18:37:46 INFO o.h.a.c.Version :56 HCANN000001: Hibernate Commons Annotations {5.1.2.Final}
2022-10-20 18:37:47 WARN o.h.o.c.pooling :75 HHH10001002: Using Hibernate built-in connection pool (not for production use!)
2022-10-20 18:37:47 INFO o.h.o.c.pooling :119 HHH10001005: using driver [com.mysql.cj.jdbc.Driver] at URL [jdbc:mysql://localhost:3306/ employee_management]
2022-10-20 18:37:47 INFO o.h.o.c.pooling :128 HHH10001001: Connection properties: {user=root, password=****}
2022-10-20 18:37:47 INFO o.h.o.c.pooling :132 HHH10001003: Autocommit mode: false
2022-10-20 18:37:47 INFO o.h.e.j.c.i.DriverManagerConnectionProviderImpl :322 HHH000115: Hibernate connection pool size: 20 (min=1)
2022-10-20 18:37:48 INFO o.h.d.Dialect :175 HHH000400: Using dialect: org.hibernate.dialect.MySQL5Dialect
2022-10-20 18:37:49 INFO o.h.o.c.access :48 HHH10001501: Connection obtained from JdbcConnectionAccess [org.hibernate.engine.jdbc.env.internal.JdbcEnvironmentInitiator$ConnectionProviderJdbcConnectionAccess@65bdd558] for (non-JTA) DDL execution was not in auto-commit mode; the Connection 'local transaction' will be committed and the Connection will be set into auto-commit mode.
2022-10-20 18:37:52 INFO c.i.e.v.EmployeeView :208 Employee Details Updated1
2022-10-20 18:49:09 INFO o.h.Version :44 HHH000412: Hibernate ORM core version 5.6.12.Final
2022-10-20 18:49:09 INFO o.h.a.c.Version :56 HCANN000001: Hibernate Commons Annotations {5.1.2.Final}
2022-10-20 18:49:10 WARN o.h.o.c.pooling :75 HHH10001002: Using Hibernate built-in connection pool (not for production use!)
2022-10-20 18:49:10 INFO o.h.o.c.pooling :119 HHH10001005: using driver [com.mysql.cj.jdbc.Driver] at URL [jdbc:mysql://localhost:3306/ employee_management]
2022-10-20 18:49:10 INFO o.h.o.c.pooling :128 HHH10001001: Connection properties: {user=root, password=****}
2022-10-20 18:49:10 INFO o.h.o.c.pooling :132 HHH10001003: Autocommit mode: false
2022-10-20 18:49:10 INFO o.h.e.j.c.i.DriverManagerConnectionProviderImpl :322 HHH000115: Hibernate connection pool size: 20 (min=1)
2022-10-20 18:49:11 INFO o.h.d.Dialect :175 HHH000400: Using dialect: org.hibernate.dialect.MySQL5Dialect
2022-10-20 18:49:12 INFO o.h.o.c.access :48 HHH10001501: Connection obtained from JdbcConnectionAccess [org.hibernate.engine.jdbc.env.internal.JdbcEnvironmentInitiator$ConnectionProviderJdbcConnectionAccess@65bdd558] for (non-JTA) DDL execution was not in auto-commit mode; the Connection 'local transaction' will be committed and the Connection will be set into auto-commit mode.
2022-10-20 19:31:16 INFO o.h.Version :44 HHH000412: Hibernate ORM core version 5.6.12.Final
2022-10-20 19:31:17 INFO o.h.a.c.Version :56 HCANN000001: Hibernate Commons Annotations {5.1.2.Final}
2022-10-20 19:31:17 WARN o.h.o.c.pooling :75 HHH10001002: Using Hibernate built-in connection pool (not for production use!)
2022-10-20 19:31:17 INFO o.h.o.c.pooling :119 HHH10001005: using driver [com.mysql.cj.jdbc.Driver] at URL [jdbc:mysql://localhost:3306/ employee_management]
2022-10-20 19:31:17 INFO o.h.o.c.pooling :128 HHH10001001: Connection properties: {user=root, password=****}
2022-10-20 19:31:17 INFO o.h.o.c.pooling :132 HHH10001003: Autocommit mode: false
2022-10-20 19:31:17 INFO o.h.e.j.c.i.DriverManagerConnectionProviderImpl :322 HHH000115: Hibernate connection pool size: 20 (min=1)
2022-10-20 19:31:18 INFO o.h.d.Dialect :175 HHH000400: Using dialect: org.hibernate.dialect.MySQL5Dialect
2022-10-20 19:31:18 INFO o.h.o.c.access :48 HHH10001501: Connection obtained from JdbcConnectionAccess [org.hibernate.engine.jdbc.env.internal.JdbcEnvironmentInitiator$ConnectionProviderJdbcConnectionAccess@261ea657] for (non-JTA) DDL execution was not in auto-commit mode; the Connection 'local transaction' will be committed and the Connection will be set into auto-commit mode.
2022-10-20 19:36:51 INFO o.h.Version :44 HHH000412: Hibernate ORM core version 5.6.12.Final
2022-10-20 19:36:52 INFO o.h.a.c.Version :56 HCANN000001: Hibernate Commons Annotations {5.1.2.Final}
2022-10-20 19:36:52 WARN o.h.o.c.pooling :75 HHH10001002: Using Hibernate built-in connection pool (not for production use!)
2022-10-20 19:36:52 INFO o.h.o.c.pooling :119 HHH10001005: using driver [com.mysql.cj.jdbc.Driver] at URL [jdbc:mysql://localhost:3306/ employee_management]
2022-10-20 19:36:52 INFO o.h.o.c.pooling :128 HHH10001001: Connection properties: {user=root, password=****}
2022-10-20 19:36:52 INFO o.h.o.c.pooling :132 HHH10001003: Autocommit mode: false
2022-10-20 19:36:52 INFO o.h.e.j.c.i.DriverManagerConnectionProviderImpl :322 HHH000115: Hibernate connection pool size: 20 (min=1)
2022-10-20 19:36:53 INFO o.h.d.Dialect :175 HHH000400: Using dialect: org.hibernate.dialect.MySQL5Dialect
2022-10-20 19:36:53 INFO o.h.o.c.access :48 HHH10001501: Connection obtained from JdbcConnectionAccess [org.hibernate.engine.jdbc.env.internal.JdbcEnvironmentInitiator$ConnectionProviderJdbcConnectionAccess@261ea657] for (non-JTA) DDL execution was not in auto-commit mode; the Connection 'local transaction' will be committed and the Connection will be set into auto-commit mode.
2022-10-20 19:37:52 INFO c.i.e.v.EmployeeView :102 Employee Details CreatedID=2
